 _ _ _ _ _ _ _
|_  |_ _ _   _|
|_  | |_  |  _|
|_   _   _ _| |
| | | | |_ _  |
|  _|  _|     |
|_|_   _|_|_| |
|_ _ _ _ _ _ _|
(path:D: E S S E E E E N E S S S O S S E)
(path:P: E S O E S O E S S O N S S N E N N E E S S O N S S O E S O O E E E E E E)
(path:E: E E E E E E)
(path:A: O S E S S S S S)
(path:V: O S E S S S S S)
(path:W: E S S E E E E N E S S S O S S E)
(path:C: E S S E E E E N E S S S O S S E)
(turn:0)
(map:48)
(doorman:closed:2:(Acido,1)(Anillo,11)(Antorcha,5)(Armadura,13)(Baston,22)(Bola,3)(CadenaFuego,11)(CampoEnergia,5)(CampoMagnetico,5)(Capa,10)(Cetro,20)(Escudo,3)(Espada,11)(Flecha,12)(Garra,22)(Gema,4))
 _ _ _ _ _ _ _
|4  |_ _ _   2|
|_  | |_  |   |
|_   _   _ _| |
| | | | |_ _  |
|  _|  _|     |
|_|_   _|_| | |
|E _ _ _ _ _ _|
(square:0:(Mjolnir,29)(Garra,27)(Red,25)(Armadura,3)(Anillo,1))
(square:1:(Lucille,23)(GuanteInfinito,21)(LazoVerdad,9)(Lawgiver,7)(Escudo,5))
(square:8:(CadenaFuego,19)(Flecha,17)(Antorcha,15)(Tridente,13)(Capa,11))
(square:12:(Escudo,25)(Lawgiver,23)(LazoVerdad,21)(GuanteInfinito,9)(Lucille,7))
(square:13:(Antorcha,28)(Capa,19)(Tridente,17)(Flecha,13)(CadenaFuego,11))
(square:15:(Baston,28)(MazaOro,26)(Tentaculo,24)(CampoMagnetico,4)(Latigo,2))
(square:16:(Cetro,22)(Laser,20)(Bola,10)(RayoEnergia,8)(CampoEnergia,6))
(square:17:(Nullifier,23)(Espada,18)(Acido,16)(Gema,14)(Sable,12))
(square:18:(Latigo,26)(CampoMagnetico,24)(Baston,15)(Tentaculo,4)(MazaOro,2))
(square:19:(CampoEnergia,22)(RayoEnergia,20)(Bola,18)(Laser,8)(Cetro,6))
(square:20:(Sable,16)(Acido,12)(Espada,10)(Nullifier,3)(Gema,1))
(square:48:(Anillo,29)(Armadura,27)(Red,5)(Garra,3)(Mjolnir,1))
(shphysical:D:0:1:)
(shextrasensorial:P:0:1:)
(shphysical:W:0:4:)
(shweaponphysical:C:0:3:)
(villain:A:6:1:)
(villain:V:6:2:)
(shflight:E:42:1:)
(turn:1)
(map:48)
(doorman:closed:2:(Acido,1)(Anillo,11)(Antorcha,5)(Armadura,13)(Baston,22)(Bola,3)(CadenaFuego,11)(CampoEnergia,5)(CampoMagnetico,5)(Capa,10)(Cetro,20)(Escudo,3)(Espada,11)(Flecha,12)(Garra,22)(Gema,4))
 _ _ _ _ _ _ _
|2 2|_ _ _ A V|
|_  | |_  |   |
|_   _   _ _| |
| | | | |_ _  |
|  _|  _|     |
|_|_   _|_| | |
|_ E _ _ _ _ _|
(square:0:(Mjolnir,29)(Garra,27)(Red,25)(Armadura,3)(Anillo,1))
(square:1:(LazoVerdad,9)(Lawgiver,7)(Escudo,5))
(square:8:(CadenaFuego,19)(Flecha,17)(Antorcha,15)(Tridente,13)(Capa,11))
(square:12:(Escudo,25)(Lawgiver,23)(LazoVerdad,21)(GuanteInfinito,9)(Lucille,7))
(square:13:(Antorcha,28)(Capa,19)(Tridente,17)(Flecha,13)(CadenaFuego,11))
(square:15:(Baston,28)(MazaOro,26)(Tentaculo,24)(CampoMagnetico,4)(Latigo,2))
(square:16:(Cetro,22)(Laser,20)(Bola,10)(RayoEnergia,8)(CampoEnergia,6))
(square:17:(Nullifier,23)(Espada,18)(Acido,16)(Gema,14)(Sable,12))
(square:18:(Latigo,26)(CampoMagnetico,24)(Baston,15)(Tentaculo,4)(MazaOro,2))
(square:19:(CampoEnergia,22)(RayoEnergia,20)(Bola,18)(Laser,8)(Cetro,6))
(square:20:(Sable,16)(Acido,12)(Espada,10)(Nullifier,3)(Gema,1))
(square:48:(Anillo,29)(Armadura,27)(Red,5)(Garra,3)(Mjolnir,1))
(shphysical:W:0:4:)
(shweaponphysical:C:0:3:)
(shphysical:D:1:1:(Lucille,23))
(shextrasensorial:P:1:1:(GuanteInfinito,21))
(villain:A:5:1:)
(villain:V:6:2:)
(shflight:E:43:1:)
(turn:2)
(map:48)
(doorman:closed:2:(Acido,1)(Anillo,11)(Antorcha,5)(Armadura,13)(Baston,22)(Bola,3)(CadenaFuego,11)(CampoEnergia,5)(CampoMagnetico,5)(Capa,10)(Cetro,20)(Escudo,3)(Espada,11)(Flecha,12)(Garra,22)(Gema,4))
 _ _ _ _ _ _ _
|2  |_ _ _ V _|
|_ 2| |_  |A  |
|_   _   _ _| |
| | | | |_ _  |
|  _|  _|     |
|_|_   _|_| | |
|_ _ E _ _ _ _|
(square:0:(Mjolnir,29)(Garra,27)(Red,25)(Armadura,3)(Anillo,1))
(square:1:(LazoVerdad,9)(Lawgiver,7)(Escudo,5))
(square:8:(Antorcha,15)(Tridente,13)(Capa,11))
(square:12:(Lawgiver,23)(LazoVerdad,21)(GuanteInfinito,9)(Lucille,7))
(square:13:(Antorcha,28)(Capa,19)(Tridente,17)(Flecha,13)(CadenaFuego,11))
(square:15:(Baston,28)(MazaOro,26)(Tentaculo,24)(CampoMagnetico,4)(Latigo,2))
(square:16:(Cetro,22)(Laser,20)(Bola,10)(RayoEnergia,8)(CampoEnergia,6))
(square:17:(Nullifier,23)(Espada,18)(Acido,16)(Gema,14)(Sable,12))
(square:18:(Latigo,26)(CampoMagnetico,24)(Baston,15)(Tentaculo,4)(MazaOro,2))
(square:19:(CampoEnergia,22)(RayoEnergia,20)(Bola,18)(Laser,8)(Cetro,6))
(square:20:(Sable,16)(Acido,12)(Espada,10)(Nullifier,3)(Gema,1))
(square:48:(Anillo,29)(Armadura,27)(Red,5)(Garra,3)(Mjolnir,1))
(shphysical:W:0:4:)
(shweaponphysical:C:0:3:)
(villain:V:5:2:)
(shphysical:D:8:2:(CadenaFuego,19)(Lucille,23))
(shextrasensorial:P:8:2:(Flecha,17)(GuanteInfinito,21))
(villain:A:12:2:(Escudo,25))
(shflight:E:44:2:)
(turn:3)
(map:48)
(doorman:closed:2:(Acido,1)(Anillo,11)(Antorcha,5)(Armadura,13)(Baston,22)(Bola,3)(CadenaFuego,11)(CampoEnergia,5)(CampoMagnetico,5)(Capa,10)(Cetro,20)(Escudo,3)(Espada,11)(Flecha,12)(Garra,22)(Gema,4))
 _ _ _ _ _ _ _
|W C|_ _ _   _|
|P  | |_  |V A|
|_ D _   _ _| |
| | | | |_ _  |
|  _|  _|     |
|_|_   _|_| | |
|_ _ _ E _ _ _|
(square:0:(Mjolnir,29)(Garra,27)(Red,25)(Armadura,3)(Anillo,1))
(square:1:(Lawgiver,7)(Escudo,5))
(square:8:(Antorcha,15)(Tridente,13)(Capa,11))
(square:12:(LazoVerdad,21)(GuanteInfinito,9)(Lucille,7))
(square:13:(Escudo,25)(Capa,19)(Tridente,17)(Flecha,13)(CadenaFuego,11))
(square:15:(MazaOro,26)(Tentaculo,24)(CampoMagnetico,4)(Latigo,2))
(square:16:(Cetro,22)(Laser,20)(Bola,10)(RayoEnergia,8)(CampoEnergia,6))
(square:17:(Nullifier,23)(Espada,18)(Acido,16)(Gema,14)(Sable,12))
(square:18:(Latigo,26)(CampoMagnetico,24)(Baston,15)(Tentaculo,4)(MazaOro,2))
(square:19:(CampoEnergia,22)(RayoEnergia,20)(Bola,18)(Laser,8)(Cetro,6))
(square:20:(Sable,16)(Acido,12)(Espada,10)(Nullifier,3)(Gema,1))
(square:48:(Anillo,29)(Armadura,27)(Red,5)(Garra,3)(Mjolnir,1))
(shphysical:W:0:4:)
(shweaponphysical:C:1:3:(LazoVerdad,9))
(shextrasensorial:P:7:3:(Flecha,17)(GuanteInfinito,21))
(villain:V:12:3:(Lawgiver,23))
(villain:A:13:3:(Antorcha,28))
(shphysical:D:15:3:(Baston,28)(CadenaFuego,19)(Lucille,23))
(shflight:E:45:3:)
(turn:4)
(map:48)
(doorman:closed:2:(Acido,1)(Anillo,11)(Antorcha,5)(Armadura,13)(Baston,22)(Bola,3)(CadenaFuego,11)(CampoEnergia,5)(CampoMagnetico,5)(Capa,10)(Cetro,20)(Escudo,3)(Espada,11)(Flecha,12)(Garra,22)(Gema,4))
 _ _ _ _ _ _ _
|_ W|_ _ _   _|
|_ 2| |_  |  V|
|_   D   _ _|A|
| | | | |_ _  |
|  _|  _|     |
|_|_   _|_| | |
|_ _ _ _ E _ _|
(square:0:(Mjolnir,29)(Garra,27)(Red,25)(Armadura,3)(Anillo,1))
(square:1:(Escudo,5))
(square:8:(Capa,11))
(square:12:(LazoVerdad,21)(GuanteInfinito,9)(Lucille,7))
(square:13:(Lawgiver,23)(Capa,19)(Tridente,17)(Flecha,13)(CadenaFuego,11))
(square:15:(MazaOro,26)(Tentaculo,24)(CampoMagnetico,4)(Latigo,2))
(square:16:(Laser,20)(Bola,10)(RayoEnergia,8)(CampoEnergia,6))
(square:17:(Nullifier,23)(Espada,18)(Acido,16)(Gema,14)(Sable,12))
(square:18:(Latigo,26)(CampoMagnetico,24)(Baston,15)(Tentaculo,4)(MazaOro,2))
(square:19:(CampoEnergia,22)(RayoEnergia,20)(Bola,18)(Laser,8)(Cetro,6))
(square:20:(Sable,16)(Acido,12)(Espada,10)(Nullifier,3)(Gema,1))
(square:48:(Anillo,29)(Armadura,27)(Red,5)(Garra,3)(Mjolnir,1))
(shphysical:W:1:4:(Lawgiver,7))
(shweaponphysical:C:8:4:(Antorcha,15)(LazoVerdad,9))
(shextrasensorial:P:8:4:(Flecha,17)(GuanteInfinito,21)(Tridente,13))
(villain:V:13:4:(Escudo,25))
(shphysical:D:16:4:(Baston,28)(CadenaFuego,19)(Cetro,22)(Lucille,23))
(villain:A:20:4:(Antorcha,28))
(shflight:E:46:4:)
(turn:5)
(map:48)
(doorman:closed:2:(Acido,1)(Anillo,11)(Antorcha,5)(Armadura,13)(Baston,22)(Bola,3)(CadenaFuego,11)(CampoEnergia,5)(CampoMagnetico,5)(Capa,10)(Cetro,20)(Escudo,3)(Espada,11)(Flecha,12)(Garra,22)(Gema,4))
 _ _ _ _ _ _ _
|_  |_ _ _   _|
|_ W| |_  |   |
|_ 2 _ D _ _|V|
| | | | |_ _ A|
|  _|  _|     |
|_|_   _|_| | |
|_ _ _ _ _ E _|
(square:0:(Mjolnir,29)(Garra,27)(Red,25)(Armadura,3)(Anillo,1))
(square:1:(Escudo,5))
(square:12:(LazoVerdad,21)(GuanteInfinito,9)(Lucille,7))
(square:13:(Lawgiver,23)(Capa,19)(Tridente,17)(Flecha,13)(CadenaFuego,11))
(square:15:(CampoMagnetico,4)(Latigo,2))
(square:16:(Laser,20)(Bola,10)(RayoEnergia,8)(CampoEnergia,6))
(square:17:(Espada,18)(Acido,16)(Gema,14)(Sable,12))
(square:18:(Latigo,26)(CampoMagnetico,24)(Baston,15)(Tentaculo,4)(MazaOro,2))
(square:19:(CampoEnergia,22)(RayoEnergia,20)(Bola,18)(Laser,8)(Cetro,6))
(square:20:(Sable,16)(Acido,12)(Espada,10)(Nullifier,3)(Gema,1))
(square:48:(Anillo,29)(Armadura,27)(Red,5)(Garra,3)(Mjolnir,1))
(shphysical:W:8:5:(Capa,11)(Lawgiver,7))
(shweaponphysical:C:15:5:(Antorcha,15)(LazoVerdad,9)(MazaOro,26))
(shextrasensorial:P:15:5:(Flecha,17)(GuanteInfinito,21)(Tentaculo,24)(Tridente,13))
(shphysical:D:17:5:(Baston,28)(CadenaFuego,19)(Cetro,22)(Lucille,23)(Nullifier,23))
(villain:V:20:5:(Escudo,25))
(villain:A:27:5:(Antorcha,28))
(shflight:E:47:5:)
(turn:6)
(map:48)
(doorman:closed:2:(Acido,1)(Anillo,11)(Antorcha,5)(Armadura,13)(Baston,22)(Bola,3)(CadenaFuego,11)(CampoEnergia,5)(CampoMagnetico,5)(Capa,10)(Cetro,20)(Escudo,3)(Espada,11)(Flecha,12)(Garra,22)(Gema,4))
 _ _ _ _ _ _ _
|_  |_ _ _   _|
|_  | |_  |   |
|P W C   D _| |
| | | | |_ _ V|
|  _|  _|    A|
|_|_   _|_| | |
|_ _ _ _ _ _ E|
(square:0:(Mjolnir,29)(Garra,27)(Red,25)(Armadura,3)(Anillo,1))
(square:1:(Escudo,5))
(square:12:(LazoVerdad,21)(GuanteInfinito,9)(Lucille,7))
(square:13:(Lawgiver,23)(Capa,19)(Tridente,17)(Flecha,13)(CadenaFuego,11))
(square:15:(Latigo,2))
(square:16:(Bola,10)(RayoEnergia,8)(CampoEnergia,6))
(square:17:(Espada,18)(Acido,16)(Gema,14)(Sable,12))
(square:18:(CampoMagnetico,24)(Baston,15)(Tentaculo,4)(MazaOro,2))
(square:19:(CampoEnergia,22)(RayoEnergia,20)(Bola,18)(Laser,8)(Cetro,6))
(square:20:(Sable,16)(Acido,12)(Espada,10)(Nullifier,3)(Gema,1))
(square:48:(Armadura,27)(Red,5)(Garra,3)(Mjolnir,1))
(shextrasensorial:P:14:6:(Flecha,17)(GuanteInfinito,21)(Tentaculo,24)(Tridente,13))
(shphysical:W:15:6:(CampoMagnetico,4)(Capa,11)(Lawgiver,7))
(shweaponphysical:C:16:6:(Antorcha,15)(Laser,20)(LazoVerdad,9)(MazaOro,26))
(shphysical:D:18:6:(Baston,28)(CadenaFuego,19)(Cetro,22)(Latigo,26)(Lucille,23)(Nullifier,23))
(villain:V:27:6:(Escudo,25))
(villain:A:34:6:(Antorcha,28))
(shflight:E:48:6:(Anillo,29))
(turn:7)
(map:48)
(doorman:closed:2:(Acido,1)(Antorcha,5)(Armadura,13)(Baston,22)(Bola,3)(CadenaFuego,11)(CampoEnergia,5)(CampoMagnetico,5)(Capa,10)(Cetro,20)(Escudo,3)(Espada,11)(Flecha,12)(Garra,22)(Gema,4))
 _ _ _ _ _ _ _
|_  |_ _ _   _|
|_  | |_  |   |
|_ P W C _ D| |
| | | | |_ _  |
|  _|  _|    V|
|_|_   _|_| |A|
|_ _ _ _ _ _ E|
(square:0:(Mjolnir,29)(Garra,27)(Red,25)(Armadura,3)(Anillo,1))
(square:1:(Escudo,5))
(square:12:(LazoVerdad,21)(GuanteInfinito,9)(Lucille,7))
(square:13:(Lawgiver,23)(Capa,19)(Tridente,17)(Flecha,13)(CadenaFuego,11))
(square:16:(RayoEnergia,8)(CampoEnergia,6))
(square:17:(Acido,16)(Gema,14)(Sable,12))
(square:18:(CampoMagnetico,24)(Baston,15)(Tentaculo,4)(MazaOro,2))
(square:19:(RayoEnergia,20)(Bola,18)(Laser,8)(Cetro,6))
(square:20:(Sable,16)(Acido,12)(Espada,10)(Nullifier,3)(Gema,1))
(square:48:(Red,5)(Garra,3)(Mjolnir,1))
(shextrasensorial:P:15:7:(Flecha,17)(GuanteInfinito,21)(Latigo,2)(Tentaculo,24)(Tridente,13))
(shphysical:W:16:7:(Bola,10)(CampoMagnetico,4)(Capa,11)(Lawgiver,7))
(shweaponphysical:C:17:7:(Antorcha,15)(Espada,18)(Laser,20)(LazoVerdad,9)(MazaOro,26))
(shphysical:D:19:7:(Baston,28)(CadenaFuego,19)(CampoEnergia,22)(Cetro,22)(Latigo,26)(Lucille,23)(Nullifier,23))
(villain:V:34:7:(Escudo,25))
(villain:A:41:7:(Antorcha,28))
(shflight:E:48:7:(Armadura,27))
(turn:8)
(map:48)
(doorman:closed:2:(Acido,1)(Antorcha,5)(Baston,22)(Bola,3)(CadenaFuego,11)(CampoEnergia,5)(CampoMagnetico,5)(Capa,10)(Cetro,20)(Escudo,3)(Espada,11)(Flecha,12)(Garra,22)(Gema,4))
 _ _ _ _ _ _ _
|_  |_ _ _   _|
|_  | |_  |D  |
|_   _ W C _| |
| |P| | |_ _  |
|  _|  _|     |
|_|_   _|_| |V|
|_ _ _ _ _ _ 2|
(square:0:(Mjolnir,29)(Garra,27)(Red,25)(Armadura,3)(Anillo,1))
(square:1:(Escudo,5))
(square:12:(GuanteInfinito,9)(Lucille,7))
(square:13:(Lawgiver,23)(Capa,19)(Tridente,17)(Flecha,13)(CadenaFuego,11))
(square:16:(RayoEnergia,8)(CampoEnergia,6))
(square:17:(Gema,14)(Sable,12))
(square:18:(Baston,15)(Tentaculo,4)(MazaOro,2))
(square:19:(RayoEnergia,20)(Bola,18)(Laser,8)(Cetro,6))
(square:20:(Sable,16)(Acido,12)(Espada,10)(Nullifier,3)(Gema,1))
(square:48:(Garra,3)(Mjolnir,1))
(shphysical:D:12:8:(Baston,28)(CadenaFuego,19)(CampoEnergia,22)(Cetro,22)(Latigo,26)(LazoVerdad,21)(Lucille,23)(Nullifier,23))
(shphysical:W:17:8:(Acido,16)(Bola,10)(CampoMagnetico,4)(Capa,11)(Lawgiver,7))
(shweaponphysical:C:18:8:(Antorcha,15)(CampoMagnetico,24)(Espada,18)(Laser,20)(LazoVerdad,9)(MazaOro,26))
(shextrasensorial:P:22:8:(Flecha,17)(GuanteInfinito,21)(Latigo,2)(Tentaculo,24)(Tridente,13))
(villain:V:41:8:(Escudo,25))
(shflight:E:48:8:(Red,5))
(villain:A:48:8:(Antorcha,28))
(turn:9)
(map:48)
(doorman:closed:2:(Acido,1)(Antorcha,5)(Bola,3)(CadenaFuego,11)(CampoEnergia,5)(CampoMagnetico,5)(Capa,10)(Cetro,20)(Escudo,3)(Espada,11)(Flecha,12)(Garra,22)(Gema,4))
 _ _ _ _ _ _ _
|_  |_ _ _   _|
|_  | |_  |  D|
|_   _   W C| |
| | | | |_ _  |
|  P|  _|     |
|_|_   _|_| | |
|_ _ _ _ _ _ 3|
(square:0:(Mjolnir,29)(Garra,27)(Red,25)(Armadura,3)(Anillo,1))
(square:1:(Escudo,5))
(square:12:(GuanteInfinito,9)(Lucille,7))
(square:13:(Capa,19)(Tridente,17)(Flecha,13)(CadenaFuego,11))
(square:16:(RayoEnergia,8)(CampoEnergia,6))
(square:17:(Gema,14)(Sable,12))
(square:18:(Tentaculo,4)(MazaOro,2))
(square:19:(Bola,18)(Laser,8)(Cetro,6))
(square:20:(Sable,16)(Acido,12)(Espada,10)(Nullifier,3)(Gema,1))
(square:48:(Mjolnir,1))
(shphysical:D:13:9:(Baston,28)(CadenaFuego,19)(CampoEnergia,22)(Cetro,22)(Latigo,26)(Lawgiver,23)(LazoVerdad,21)(Lucille,23)(Nullifier,23))
(shphysical:W:18:9:(Acido,16)(Baston,15)(Bola,10)(CampoMagnetico,4)(Capa,11)(Lawgiver,7))
(shweaponphysical:C:19:9:(Antorcha,15)(CampoMagnetico,24)(Espada,18)(Laser,20)(LazoVerdad,9)(MazaOro,26)(RayoEnergia,20))
(shextrasensorial:P:29:9:(Flecha,17)(GuanteInfinito,21)(Latigo,2)(Tentaculo,24)(Tridente,13))
(shflight:E:48:9:(Garra,3))
(villain:A:48:9:(Antorcha,28))
(villain:V:48:9:(Escudo,25))
(turn:10)
(map:48)
(doorman:closed:2:(Acido,1)(Antorcha,5)(Bola,3)(CadenaFuego,11)(CampoEnergia,5)(CampoMagnetico,5)(Capa,10)(Escudo,3)(Espada,11)(Flecha,12)(Gema,4))
 _ _ _ _ _ _ _
|_  |_ _ _   _|
|_  | |_  |C  |
|_   _   _ W|D|
| | | | |_ _  |
|P _|  _|     |
|_|_   _|_| | |
|_ _ _ _ _ _ 3|
(square:0:(Mjolnir,29)(Garra,27)(Red,25)(Armadura,3)(Anillo,1))
(square:1:(Escudo,5))
(square:12:(Lucille,7))
(square:13:(Capa,19)(Tridente,17)(Flecha,13)(CadenaFuego,11))
(square:16:(RayoEnergia,8)(CampoEnergia,6))
(square:17:(Gema,14)(Sable,12))
(square:18:(Tentaculo,4)(MazaOro,2))
(square:19:(Laser,8)(Cetro,6))
(square:20:(Acido,12)(Espada,10)(Nullifier,3)(Gema,1))
(shweaponphysical:C:12:10:(Antorcha,15)(CampoMagnetico,24)(Espada,18)(GuanteInfinito,9)(Laser,20)(LazoVerdad,9)(MazaOro,26)(RayoEnergia,20))
(shphysical:W:19:10:(Acido,16)(Baston,15)(Bola,28)(CampoMagnetico,4)(Capa,11)(Lawgiver,7))
(shphysical:D:20:10:(Baston,28)(CadenaFuego,19)(CampoEnergia,22)(Cetro,22)(Latigo,26)(Lawgiver,23)(LazoVerdad,21)(Lucille,23)(Nullifier,23)(Sable,16))
(shextrasensorial:P:28:10:(Flecha,17)(GuanteInfinito,21)(Latigo,2)(Tentaculo,24)(Tridente,13))
(shflight:E:48:10:(Mjolnir,1))
(villain:A:48:10:(Antorcha,28))
(villain:V:48:10:(Escudo,25))
(turn:11)
(map:48)
(doorman:closed:2:(Acido,1)(Antorcha,5)(Bola,3)(CampoEnergia,5)(CampoMagnetico,5)(Capa,10)(Escudo,3)(Espada,11)(Gema,4))
 _ _ _ _ _ _ _
|_  |_ _ _   _|
|_  | |_  |W C|
|_   _   _ _| |
|P| | | |_ _ D|
|  _|  _|     |
|_|_   _|_| | |
|_ _ _ _ _ _ 3|
(square:0:(Mjolnir,29)(Garra,27)(Red,25)(Armadura,3)(Anillo,1))
(square:1:(Escudo,5))
(square:13:(Tridente,17)(Flecha,13)(CadenaFuego,11))
(square:16:(RayoEnergia,8)(CampoEnergia,6))
(square:17:(Gema,14)(Sable,12))
(square:18:(Tentaculo,4)(MazaOro,2))
(square:19:(Laser,8)(Cetro,6))
(square:20:(Acido,12)(Espada,10)(Nullifier,3)(Gema,1))
(shphysical:W:12:11:(Acido,16)(Baston,15)(Bola,28)(CampoMagnetico,4)(Capa,11)(Lawgiver,7)(Lucille,7))
(shweaponphysical:C:13:11:(Antorcha,15)(CampoMagnetico,24)(Capa,19)(Espada,18)(GuanteInfinito,9)(Laser,20)(LazoVerdad,9)(MazaOro,26)(RayoEnergia,20))
(shextrasensorial:P:21:11:(Flecha,17)(GuanteInfinito,21)(Latigo,2)(Tentaculo,24)(Tridente,13))
(shphysical:D:27:11:(Baston,28)(CadenaFuego,19)(CampoEnergia,22)(Cetro,22)(Latigo,26)(Lawgiver,23)(LazoVerdad,21)(Lucille,23)(Nullifier,23)(Sable,16))
(shflight:E:48:11:)
(villain:A:48:11:(Antorcha,28))
(villain:V:48:11:(Escudo,25))
(turn:12)
(map:48)
(doorman:closed:2:(Acido,1)(Antorcha,5)(Bola,3)(CampoEnergia,5)(CampoMagnetico,5)(Escudo,3)(Gema,4))
 _ _ _ _ _ _ _
|_  |_ _ _   _|
|_  | |_  |  W|
|_   _   _ _|C|
| | | | |_ _  |
|P _|  _|    D|
|_|_   _|_| | |
|_ _ _ _ _ _ 3|
(square:0:(Mjolnir,29)(Garra,27)(Red,25)(Armadura,3)(Anillo,1))
(square:1:(Escudo,5))
(square:13:(Flecha,13)(CadenaFuego,11))
(square:16:(RayoEnergia,8)(CampoEnergia,6))
(square:17:(Gema,14)(Sable,12))
(square:18:(Tentaculo,4)(MazaOro,2))
(square:19:(Laser,8)(Cetro,6))
(square:20:(Espada,10)(Nullifier,3)(Gema,1))
(shphysical:W:13:12:(Acido,16)(Baston,15)(Bola,28)(CampoMagnetico,4)(Capa,11)(Lawgiver,7)(Lucille,7)(Tridente,17))
(shweaponphysical:C:20:12:(Acido,12)(Antorcha,15)(CampoMagnetico,24)(Capa,19)(Espada,18)(GuanteInfinito,9)(Laser,20)(LazoVerdad,9)(MazaOro,26)(RayoEnergia,20))
(shextrasensorial:P:28:12:(Flecha,17)(GuanteInfinito,21)(Latigo,2)(Tentaculo,24)(Tridente,13))
(shphysical:D:34:12:(Baston,28)(CadenaFuego,19)(CampoEnergia,22)(Cetro,22)(Latigo,26)(Lawgiver,23)(LazoVerdad,21)(Lucille,23)(Nullifier,23)(Sable,16))
(shflight:E:48:12:)
(villain:A:48:12:(Antorcha,28))
(villain:V:48:12:(Escudo,25))
(turn:13)
(map:48)
(doorman:closed:2:(Acido,1)(Bola,3)(CampoMagnetico,5)(Escudo,3)(Gema,4))
 _ _ _ _ _ _ _
|_  |_ _ _   _|
|_  | |_  |   |
|_   _   _ _|W|
| | | | |_ _ C|
|  _|  _|  D  |
|P|_   _|_| | |
|_ _ _ _ _ _ 3|
(square:0:(Mjolnir,29)(Garra,27)(Red,25)(Armadura,3)(Anillo,1))
(square:1:(Escudo,5))
(square:13:(Flecha,13)(CadenaFuego,11))
(square:16:(RayoEnergia,8)(CampoEnergia,6))
(square:17:(Gema,14)(Sable,12))
(square:18:(Tentaculo,4)(MazaOro,2))
(square:19:(Laser,8)(Cetro,6))
(square:20:(Nullifier,3)(Gema,1))
(shphysical:W:20:13:(Acido,16)(Baston,15)(Bola,28)(CampoMagnetico,4)(Capa,11)(Espada,10)(Lawgiver,7)(Lucille,7)(Tridente,17))
(shweaponphysical:C:27:13:(Acido,12)(Antorcha,15)(CampoMagnetico,24)(Capa,19)(Espada,18)(GuanteInfinito,9)(Laser,20)(LazoVerdad,9)(MazaOro,26)(RayoEnergia,20))
(shphysical:D:33:13:(Baston,28)(CadenaFuego,19)(CampoEnergia,22)(Cetro,22)(Latigo,26)(Lawgiver,23)(LazoVerdad,21)(Lucille,23)(Nullifier,23)(Sable,16))
(shextrasensorial:P:35:13:(Flecha,17)(GuanteInfinito,21)(Latigo,2)(Tentaculo,24)(Tridente,13))
(shflight:E:48:13:)
(villain:A:48:13:(Antorcha,28))
(villain:V:48:13:(Escudo,25))
(turn:14)
(map:48)
(doorman:closed:2:(Acido,1)(Bola,3)(Escudo,3))
 _ _ _ _ _ _ _
|_  |_ _ _   _|
|_  | |_  |   |
|_   _   _ _| |
| | | | |_ _ W|
|P _|  _|    C|
|_|_   _|_|D| |
|_ _ _ _ _ _ 3|
(square:0:(Mjolnir,29)(Garra,27)(Red,25)(Armadura,3)(Anillo,1))
(square:1:(Escudo,5))
(square:13:(Flecha,13)(CadenaFuego,11))
(square:16:(RayoEnergia,8)(CampoEnergia,6))
(square:17:(Gema,14)(Sable,12))
(square:18:(Tentaculo,4)(MazaOro,2))
(square:19:(Laser,8)(Cetro,6))
(square:20:(Nullifier,3)(Gema,1))
(shphysical:W:27:14:(Acido,16)(Baston,15)(Bola,28)(CampoMagnetico,4)(Capa,11)(Espada,10)(Lawgiver,7)(Lucille,7)(Tridente,17))
(shextrasensorial:P:28:14:(Flecha,17)(GuanteInfinito,21)(Latigo,2)(Tentaculo,24)(Tridente,13))
(shweaponphysical:C:34:14:(Acido,12)(Antorcha,15)(CampoMagnetico,24)(Capa,19)(Espada,18)(GuanteInfinito,9)(Laser,20)(LazoVerdad,9)(MazaOro,26)(RayoEnergia,20))
(shphysical:D:40:14:(Baston,28)(CadenaFuego,19)(CampoEnergia,22)(Cetro,22)(Latigo,26)(Lawgiver,23)(LazoVerdad,21)(Lucille,23)(Nullifier,23)(Sable,16))
(shflight:E:48:14:)
(villain:A:48:14:(Antorcha,28))
(villain:V:48:14:(Escudo,25))
(turn:15)
(map:48)
(doorman:open:2:(Acido,1))
 _ _ _ _ _ _ _
|_  |_ _ _   _|
|_  | |_  |   |
|_   _   _ _| |
| | | | |_ _  |
|  P|  _|  C W|
|_|_   _|_| | |
|_ _ _ _ _ D 2|
(square:0:(Mjolnir,29)(Garra,27)(Red,25)(Armadura,3)(Anillo,1))
(square:1:(Escudo,5))
(square:13:(Flecha,13)(CadenaFuego,11))
(square:16:(RayoEnergia,8)(CampoEnergia,6))
(square:17:(Gema,14)(Sable,12))
(square:18:(Tentaculo,4)(MazaOro,2))
(square:19:(Laser,8)(Cetro,6))
(square:20:(Nullifier,3)(Gema,1))
(shextrasensorial:P:29:15:(Flecha,17)(GuanteInfinito,21)(Latigo,2)(Tentaculo,24)(Tridente,13))
(shweaponphysical:C:33:15:(Acido,12)(Antorcha,15)(CampoMagnetico,24)(Capa,19)(Espada,18)(GuanteInfinito,9)(Laser,20)(LazoVerdad,9)(MazaOro,26)(RayoEnergia,20))
(shphysical:W:34:15:(Acido,16)(Baston,15)(Bola,28)(CampoMagnetico,4)(Capa,11)(Espada,10)(Lawgiver,7)(Lucille,7)(Tridente,17))
(shphysical:D:47:15:(Baston,28)(CadenaFuego,19)(CampoEnergia,22)(Cetro,22)(Latigo,26)(Lawgiver,23)(LazoVerdad,21)(Lucille,23)(Nullifier,23)(Sable,16))
(shflight:E:48:15:)
(villain:A:48:15:(Antorcha,28))
(teseractomembers)
(owneroftheworld:(villain:V:1111:15:(Escudo,25))

